{"/Users/garretmeier/git/dead-link/test.js":{"path":"/Users/garretmeier/git/dead-link/test.js","s":{"1":1,"2":1,"3":1,"4":1,"5":1,"6":1,"7":1,"8":1,"9":1,"10":1,"11":1,"12":1,"13":1,"14":1,"15":1,"16":1,"17":1,"18":1,"19":1,"20":1,"21":1,"22":1,"23":1,"24":1,"25":1,"26":1,"27":1,"28":1,"29":1,"30":1,"31":1,"32":1,"33":1,"34":1,"35":1,"36":1,"37":1,"38":1,"39":1,"40":1,"41":1,"42":1,"43":1},"b":{},"f":{"1":1,"2":1,"3":1,"4":1,"5":1,"6":1,"7":1,"8":1,"9":1,"10":1,"11":1,"12":1,"13":1},"fnMap":{"1":{"name":"t","line":5,"loc":{"start":{"line":5,"column":33},"end":{"line":5,"column":52}}},"2":{"name":"t","line":13,"loc":{"start":{"line":13,"column":30},"end":{"line":13,"column":49}}},"3":{"name":"t","line":22,"loc":{"start":{"line":22,"column":34},"end":{"line":22,"column":53}}},"4":{"name":"(anonymous_4)","line":25,"loc":{"start":{"line":25,"column":42},"end":{"line":25,"column":63}}},"5":{"name":"t","line":31,"loc":{"start":{"line":31,"column":31},"end":{"line":31,"column":50}}},"6":{"name":"(anonymous_6)","line":34,"loc":{"start":{"line":34,"column":42},"end":{"line":34,"column":63}}},"7":{"name":"t","line":40,"loc":{"start":{"line":40,"column":35},"end":{"line":40,"column":54}}},"8":{"name":"(anonymous_8)","line":43,"loc":{"start":{"line":43,"column":39},"end":{"line":43,"column":52}}},"9":{"name":"t","line":49,"loc":{"start":{"line":49,"column":35},"end":{"line":49,"column":54}}},"10":{"name":"(anonymous_10)","line":52,"loc":{"start":{"line":52,"column":45},"end":{"line":52,"column":58}}},"11":{"name":"t","line":58,"loc":{"start":{"line":58,"column":32},"end":{"line":58,"column":51}}},"12":{"name":"(anonymous_12)","line":62,"loc":{"start":{"line":62,"column":17},"end":{"line":62,"column":32}}},"13":{"name":"t","line":69,"loc":{"start":{"line":69,"column":46},"end":{"line":69,"column":65}}}},"statementMap":{"1":{"start":{"line":1,"column":0},"end":{"line":1,"column":27}},"2":{"start":{"line":2,"column":0},"end":{"line":2,"column":25}},"3":{"start":{"line":3,"column":0},"end":{"line":3,"column":37}},"4":{"start":{"line":5,"column":0},"end":{"line":11,"column":3}},"5":{"start":{"line":6,"column":4},"end":{"line":6,"column":52}},"6":{"start":{"line":8,"column":4},"end":{"line":8,"column":42}},"7":{"start":{"line":9,"column":4},"end":{"line":9,"column":73}},"8":{"start":{"line":10,"column":4},"end":{"line":10,"column":17}},"9":{"start":{"line":13,"column":0},"end":{"line":20,"column":3}},"10":{"start":{"line":14,"column":4},"end":{"line":14,"column":32}},"11":{"start":{"line":16,"column":4},"end":{"line":16,"column":42}},"12":{"start":{"line":18,"column":4},"end":{"line":18,"column":56}},"13":{"start":{"line":19,"column":4},"end":{"line":19,"column":17}},"14":{"start":{"line":22,"column":0},"end":{"line":29,"column":3}},"15":{"start":{"line":23,"column":4},"end":{"line":23,"column":51}},"16":{"start":{"line":25,"column":4},"end":{"line":28,"column":7}},"17":{"start":{"line":26,"column":8},"end":{"line":26,"column":55}},"18":{"start":{"line":27,"column":8},"end":{"line":27,"column":21}},"19":{"start":{"line":31,"column":0},"end":{"line":38,"column":3}},"20":{"start":{"line":32,"column":4},"end":{"line":32,"column":43}},"21":{"start":{"line":34,"column":4},"end":{"line":37,"column":7}},"22":{"start":{"line":35,"column":8},"end":{"line":35,"column":60}},"23":{"start":{"line":36,"column":8},"end":{"line":36,"column":21}},"24":{"start":{"line":40,"column":0},"end":{"line":47,"column":3}},"25":{"start":{"line":41,"column":4},"end":{"line":41,"column":54}},"26":{"start":{"line":43,"column":4},"end":{"line":46,"column":7}},"27":{"start":{"line":44,"column":8},"end":{"line":44,"column":45}},"28":{"start":{"line":45,"column":8},"end":{"line":45,"column":21}},"29":{"start":{"line":49,"column":0},"end":{"line":56,"column":3}},"30":{"start":{"line":50,"column":4},"end":{"line":50,"column":46}},"31":{"start":{"line":52,"column":4},"end":{"line":55,"column":7}},"32":{"start":{"line":53,"column":8},"end":{"line":53,"column":42}},"33":{"start":{"line":54,"column":8},"end":{"line":54,"column":21}},"34":{"start":{"line":58,"column":0},"end":{"line":67,"column":3}},"35":{"start":{"line":59,"column":4},"end":{"line":59,"column":40}},"36":{"start":{"line":61,"column":4},"end":{"line":66,"column":7}},"37":{"start":{"line":63,"column":12},"end":{"line":63,"column":55}},"38":{"start":{"line":64,"column":12},"end":{"line":64,"column":25}},"39":{"start":{"line":69,"column":0},"end":{"line":75,"column":3}},"40":{"start":{"line":70,"column":4},"end":{"line":70,"column":40}},"41":{"start":{"line":72,"column":4},"end":{"line":72,"column":25}},"42":{"start":{"line":73,"column":4},"end":{"line":73,"column":18}},"43":{"start":{"line":74,"column":4},"end":{"line":74,"column":17}}},"branchMap":{}},"/Users/garretmeier/git/dead-link/index.js":{"path":"/Users/garretmeier/git/dead-link/index.js","s":{"1":1,"2":1,"3":1,"4":1,"5":1,"6":1,"7":1,"8":2,"9":2,"10":2,"11":1,"12":2,"13":2,"14":2,"15":2,"16":6,"17":2,"18":2,"19":2,"20":2,"21":1,"22":2,"23":1,"24":4,"25":4,"26":36,"27":33,"28":33,"29":8,"30":25,"31":4,"32":1,"33":4,"34":26,"35":26,"36":26,"37":1,"38":1,"39":25,"40":1,"41":1,"42":28,"43":28,"44":26,"45":26,"46":28,"47":2,"48":28,"49":28},"b":{"1":[1,1],"2":[1,1],"3":[33,3],"4":[8,25],"5":[1,25],"6":[1,0],"7":[1,24]},"f":{"1":2,"2":2,"3":6,"4":2,"5":2,"6":4,"7":4,"8":26,"9":28,"10":26,"11":2},"fnMap":{"1":{"name":"deadLink","line":12,"loc":{"start":{"line":12,"column":0},"end":{"line":12,"column":29}}},"2":{"name":"(anonymous_2)","line":25,"loc":{"start":{"line":25,"column":36},"end":{"line":25,"column":48}}},"3":{"name":"(anonymous_3)","line":27,"loc":{"start":{"line":27,"column":21},"end":{"line":27,"column":33}}},"4":{"name":"(anonymous_4)","line":30,"loc":{"start":{"line":30,"column":20},"end":{"line":30,"column":31}}},"5":{"name":"(anonymous_5)","line":31,"loc":{"start":{"line":31,"column":35},"end":{"line":31,"column":51}}},"6":{"name":"validate","line":42,"loc":{"start":{"line":42,"column":0},"end":{"line":42,"column":25}}},"7":{"name":"visit","line":56,"loc":{"start":{"line":56,"column":0},"end":{"line":56,"column":40}}},"8":{"name":"(anonymous_8)","line":59,"loc":{"start":{"line":59,"column":23},"end":{"line":59,"column":45}}},"9":{"name":"urlExists","line":73,"loc":{"start":{"line":73,"column":0},"end":{"line":73,"column":28}}},"10":{"name":"(anonymous_10)","line":80,"loc":{"start":{"line":80,"column":36},"end":{"line":80,"column":49}}},"11":{"name":"(anonymous_11)","line":85,"loc":{"start":{"line":85,"column":20},"end":{"line":85,"column":34}}}},"statementMap":{"1":{"start":{"line":1,"column":0},"end":{"line":4,"column":25}},"2":{"start":{"line":5,"column":0},"end":{"line":5,"column":29}},"3":{"start":{"line":7,"column":0},"end":{"line":7,"column":32}},"4":{"start":{"line":8,"column":0},"end":{"line":8,"column":35}},"5":{"start":{"line":9,"column":0},"end":{"line":9,"column":29}},"6":{"start":{"line":10,"column":0},"end":{"line":10,"column":37}},"7":{"start":{"line":12,"column":0},"end":{"line":40,"column":1}},"8":{"start":{"line":13,"column":4},"end":{"line":13,"column":37}},"9":{"start":{"line":14,"column":4},"end":{"line":14,"column":52}},"10":{"start":{"line":15,"column":4},"end":{"line":17,"column":5}},"11":{"start":{"line":16,"column":8},"end":{"line":16,"column":17}},"12":{"start":{"line":19,"column":4},"end":{"line":24,"column":6}},"13":{"start":{"line":25,"column":4},"end":{"line":38,"column":7}},"14":{"start":{"line":26,"column":8},"end":{"line":26,"column":18}},"15":{"start":{"line":27,"column":8},"end":{"line":29,"column":11}},"16":{"start":{"line":28,"column":12},"end":{"line":28,"column":22}},"17":{"start":{"line":30,"column":8},"end":{"line":37,"column":11}},"18":{"start":{"line":31,"column":12},"end":{"line":36,"column":15}},"19":{"start":{"line":32,"column":16},"end":{"line":32,"column":65}},"20":{"start":{"line":33,"column":16},"end":{"line":35,"column":17}},"21":{"start":{"line":34,"column":20},"end":{"line":34,"column":40}},"22":{"start":{"line":39,"column":4},"end":{"line":39,"column":14}},"23":{"start":{"line":42,"column":0},"end":{"line":54,"column":1}},"24":{"start":{"line":43,"column":4},"end":{"line":43,"column":21}},"25":{"start":{"line":44,"column":4},"end":{"line":52,"column":5}},"26":{"start":{"line":45,"column":8},"end":{"line":51,"column":9}},"27":{"start":{"line":46,"column":12},"end":{"line":46,"column":47}},"28":{"start":{"line":47,"column":12},"end":{"line":49,"column":13}},"29":{"start":{"line":48,"column":16},"end":{"line":48,"column":25}},"30":{"start":{"line":50,"column":12},"end":{"line":50,"column":30}},"31":{"start":{"line":53,"column":4},"end":{"line":53,"column":19}},"32":{"start":{"line":56,"column":0},"end":{"line":71,"column":1}},"33":{"start":{"line":57,"column":4},"end":{"line":70,"column":5}},"34":{"start":{"line":58,"column":8},"end":{"line":58,"column":27}},"35":{"start":{"line":59,"column":8},"end":{"line":69,"column":11}},"36":{"start":{"line":60,"column":12},"end":{"line":68,"column":13}},"37":{"start":{"line":61,"column":16},"end":{"line":63,"column":17}},"38":{"start":{"line":62,"column":20},"end":{"line":62,"column":33}},"39":{"start":{"line":65,"column":16},"end":{"line":67,"column":17}},"40":{"start":{"line":66,"column":20},"end":{"line":66,"column":33}},"41":{"start":{"line":73,"column":0},"end":{"line":90,"column":1}},"42":{"start":{"line":74,"column":4},"end":{"line":79,"column":6}},"43":{"start":{"line":80,"column":4},"end":{"line":84,"column":7}},"44":{"start":{"line":81,"column":8},"end":{"line":81,"column":20}},"45":{"start":{"line":82,"column":8},"end":{"line":82,"column":22}},"46":{"start":{"line":85,"column":4},"end":{"line":87,"column":7}},"47":{"start":{"line":86,"column":8},"end":{"line":86,"column":23}},"48":{"start":{"line":88,"column":4},"end":{"line":88,"column":14}},"49":{"start":{"line":89,"column":4},"end":{"line":89,"column":11}}},"branchMap":{"1":{"line":15,"type":"if","locations":[{"start":{"line":15,"column":4},"end":{"line":15,"column":4}},{"start":{"line":15,"column":4},"end":{"line":15,"column":4}}]},"2":{"line":33,"type":"if","locations":[{"start":{"line":33,"column":16},"end":{"line":33,"column":16}},{"start":{"line":33,"column":16},"end":{"line":33,"column":16}}]},"3":{"line":45,"type":"if","locations":[{"start":{"line":45,"column":8},"end":{"line":45,"column":8}},{"start":{"line":45,"column":8},"end":{"line":45,"column":8}}]},"4":{"line":47,"type":"if","locations":[{"start":{"line":47,"column":12},"end":{"line":47,"column":12}},{"start":{"line":47,"column":12},"end":{"line":47,"column":12}}]},"5":{"line":60,"type":"if","locations":[{"start":{"line":60,"column":12},"end":{"line":60,"column":12}},{"start":{"line":60,"column":12},"end":{"line":60,"column":12}}]},"6":{"line":61,"type":"if","locations":[{"start":{"line":61,"column":16},"end":{"line":61,"column":16}},{"start":{"line":61,"column":16},"end":{"line":61,"column":16}}]},"7":{"line":65,"type":"if","locations":[{"start":{"line":65,"column":16},"end":{"line":65,"column":16}},{"start":{"line":65,"column":16},"end":{"line":65,"column":16}}]}}}}